<?xml version="1.0" encoding="UTF-8"?>
<!-- Generated by org.testng.reporters.JUnitXMLReporter -->
<testsuite hostname="Hafsah" failures="2" tests="6" name="Test" time="3.696" errors="0" timestamp="25 Feb 2022 16:46:15 GMT">
  <testcase classname="RegisterServletTest" name="checkWebsite" time="0.209"/>
  <testcase classname="RegisterServletTest" name="doPostTest" time="0.53"/>
  <testcase classname="UserTests" name="listUsersTest" time="0.245">
    <failure type="java.lang.AssertionError" message="expected [true] but found [false]">
      <![CDATA[java.lang.AssertionError: expected [true] but found [false]
	at UserTests.listUsersTest(UserTests.java:37)
... Removed 28 stack frames]]>
    </failure>
  </testcase> <!-- listUsersTest -->
  <testcase classname="UserTests" name="showEditFormTest" time="0.183"/>
  <testcase classname="UserTests" name="updateUserTest" time="0.429">
    <failure type="java.lang.AssertionError" message="expected [true] but found [false]">
      <![CDATA[java.lang.AssertionError: expected [true] but found [false]
	at UserTests.updateUserTest(UserTests.java:65)
... Removed 28 stack frames]]>
    </failure>
  </testcase> <!-- updateUserTest -->
  <testcase classname="connectionTest" name="getConnectionTest" time="0.029"/>
</testsuite> <!-- Test -->
