<?xml version="1.0" encoding="UTF-8"?>
<!-- Generated by org.testng.reporters.JUnitXMLReporter -->
<testsuite hostname="Hafsah" failures="0" tests="5" name="Test" time="3.018" errors="0" timestamp="26 Feb 2022 00:04:21 GMT">
  <testcase classname="RegisterServletTest" name="checkWebsite" time="0.19"/>
  <testcase classname="RegisterServletTest" name="doPostTest" time="0.499"/>
  <testcase classname="UserTests" name="listUsersTest" time="0.216"/>
  <testcase classname="UserTests" name="showEditFormTest" time="0.168"/>
  <testcase classname="connectionTest" name="getConnectionTest" time="0.033"/>
</testsuite> <!-- Test -->
