<?xml version="1.0" encoding="UTF-8"?>
<!-- Generated by org.testng.reporters.JUnitXMLReporter -->
<testsuite hostname="Hafsah" failures="0" tests="5" name="Test" time="2.674" errors="0" timestamp="26 Feb 2022 00:37:05 GMT">
  <testcase classname="RegisterServletTest" name="checkWebsite" time="0.176"/>
  <testcase classname="RegisterServletTest" name="doPostTest" time="0.177"/>
  <testcase classname="UserTests" name="listUsersTest" time="0.212"/>
  <testcase classname="UserTests" name="showEditFormTest" time="0.151"/>
  <testcase classname="connectionTest" name="getConnectionTest" time="0.032"/>
</testsuite> <!-- Test -->
