<?xml version="1.0" encoding="UTF-8"?>
<testng-results total="5" passed="5" failed="0" skipped="0">
  <reporter-output>
  </reporter-output>
  <suite started-at="2022-02-26T00:04:18Z" name="project" finished-at="2022-02-26T00:04:21Z" duration-ms="3018">
    <groups>
    </groups>
    <test started-at="2022-02-26T00:04:18Z" name="Test" finished-at="2022-02-26T00:04:21Z" duration-ms="3018">
      <class name="connectionTest">
        <test-method signature="getConnectionTest()[pri:0, instance:connectionTest@5dd1c9f2]" started-at="2022-02-26T08:04:21Z" name="getConnectionTest" finished-at="2022-02-26T08:04:21Z" duration-ms="33" status="PASS">
          <reporter-output>
          </reporter-output>
        </test-method> <!-- getConnectionTest -->
      </class> <!-- connectionTest -->
      <class name="RegisterServletTest">
        <test-method is-config="true" signature="beforeTest()[pri:0, instance:RegisterServletTest@6aa3a905]" started-at="2022-02-26T08:04:18Z" name="beforeTest" finished-at="2022-02-26T08:04:19Z" duration-ms="1018" status="PASS">
          <reporter-output>
          </reporter-output>
        </test-method> <!-- beforeTest -->
        <test-method is-config="true" signature="beforeTest()[pri:0, instance:UserTests@a22cb6a]" started-at="2022-02-26T08:04:19Z" name="beforeTest" finished-at="2022-02-26T08:04:19Z" duration-ms="601" status="PASS">
          <reporter-output>
          </reporter-output>
        </test-method> <!-- beforeTest -->
        <test-method is-config="true" signature="beforeTest()[pri:0, instance:connectionTest@5dd1c9f2]" started-at="2022-02-26T08:04:19Z" name="beforeTest" finished-at="2022-02-26T08:04:20Z" duration-ms="187" status="PASS">
          <reporter-output>
          </reporter-output>
        </test-method> <!-- beforeTest -->
        <test-method signature="checkWebsite()[pri:0, instance:RegisterServletTest@6aa3a905]" started-at="2022-02-26T08:04:20Z" name="checkWebsite" finished-at="2022-02-26T08:04:20Z" duration-ms="190" status="PASS">
          <reporter-output>
          </reporter-output>
        </test-method> <!-- checkWebsite -->
        <test-method signature="doPostTest()[pri:0, instance:RegisterServletTest@6aa3a905]" started-at="2022-02-26T08:04:20Z" name="doPostTest" finished-at="2022-02-26T08:04:20Z" duration-ms="499" status="PASS">
          <reporter-output>
          </reporter-output>
        </test-method> <!-- doPostTest -->
        <test-method is-config="true" signature="afterTest()[pri:0, instance:RegisterServletTest@6aa3a905]" started-at="2022-02-26T08:04:21Z" name="afterTest" finished-at="2022-02-26T08:04:21Z" duration-ms="41" status="PASS">
          <reporter-output>
          </reporter-output>
        </test-method> <!-- afterTest -->
        <test-method is-config="true" signature="afterTest()[pri:0, instance:UserTests@a22cb6a]" started-at="2022-02-26T08:04:21Z" name="afterTest" finished-at="2022-02-26T08:04:21Z" duration-ms="48" status="PASS">
          <reporter-output>
          </reporter-output>
        </test-method> <!-- afterTest -->
        <test-method is-config="true" signature="afterTest()[pri:0, instance:connectionTest@5dd1c9f2]" started-at="2022-02-26T08:04:21Z" name="afterTest" finished-at="2022-02-26T08:04:21Z" duration-ms="0" status="PASS">
          <reporter-output>
          </reporter-output>
        </test-method> <!-- afterTest -->
      </class> <!-- RegisterServletTest -->
      <class name="UserTests">
        <test-method signature="listUsersTest()[pri:0, instance:UserTests@a22cb6a]" started-at="2022-02-26T08:04:20Z" name="listUsersTest" finished-at="2022-02-26T08:04:20Z" duration-ms="216" status="PASS">
          <reporter-output>
          </reporter-output>
        </test-method> <!-- listUsersTest -->
        <test-method signature="showEditFormTest()[pri:0, instance:UserTests@a22cb6a]" started-at="2022-02-26T08:04:20Z" name="showEditFormTest" finished-at="2022-02-26T08:04:21Z" duration-ms="168" status="PASS">
          <reporter-output>
          </reporter-output>
        </test-method> <!-- showEditFormTest -->
      </class> <!-- UserTests -->
    </test> <!-- Test -->
  </suite> <!-- project -->
</testng-results>
